[debug] [2025-05-12T18:19:50.865Z] ----------------------------------------------------------------------
[debug] [2025-05-12T18:19:50.867Z] Command:       /opt/homebrew/Cellar/node/23.9.0/bin/node /opt/homebrew/bin/firebase init functions
[debug] [2025-05-12T18:19:50.868Z] CLI Version:   14.3.1
[debug] [2025-05-12T18:19:50.868Z] Platform:      darwin
[debug] [2025-05-12T18:19:50.868Z] Node Version:  v23.9.0
[debug] [2025-05-12T18:19:50.868Z] Time:          Mon May 12 2025 14:19:50 GMT-0400 (Eastern Daylight Time)
[debug] [2025-05-12T18:19:50.868Z] ----------------------------------------------------------------------
[debug] 
[debug] [2025-05-12T18:19:50.965Z] > command requires scopes: ["email","openid","https://www.googleapis.com/auth/cloudplatformprojects.readonly","https://www.googleapis.com/auth/firebase","https://www.googleapis.com/auth/cloud-platform"]
[debug] [2025-05-12T18:19:50.965Z] > authorizing via signed-in user (junhaoqi1201@gmail.com)
[info] 
     ######## #### ########  ######## ########     ###     ######  ########
     ##        ##  ##     ## ##       ##     ##  ##   ##  ##       ##
     ######    ##  ########  ######   ########  #########  ######  ######
     ##        ##  ##    ##  ##       ##     ## ##     ##       ## ##
     ##       #### ##     ## ######## ########  ##     ##  ######  ########

You're about to initialize a Firebase project in this directory:

  /Users/j.qi/chouka

Before we get started, keep in mind:

  * You are initializing within an existing Firebase project directory

[info] 
=== Project Setup
[info] 
[info] First, let's associate this project directory with a Firebase project.
[info] You can create multiple project aliases by running firebase use --add, 
[info] but for now we'll just set up a default project.
[info] 
[debug] [2025-05-12T18:19:50.966Z] Using project from CLI flag: seventh-program-433718-h8
[debug] [2025-05-12T18:19:50.967Z] Checked if tokens are valid: true, expires at: 1747077452003
[debug] [2025-05-12T18:19:50.967Z] Checked if tokens are valid: true, expires at: 1747077452003
[debug] [2025-05-12T18:19:50.967Z] >>> [apiv2][query] GET https://firebase.googleapis.com/v1beta1/projects/seventh-program-433718-h8 [none]
[debug] [2025-05-12T18:19:51.427Z] <<< [apiv2][status] GET https://firebase.googleapis.com/v1beta1/projects/seventh-program-433718-h8 200
[debug] [2025-05-12T18:19:51.428Z] <<< [apiv2][body] GET https://firebase.googleapis.com/v1beta1/projects/seventh-program-433718-h8 {"projectId":"seventh-program-433718-h8","projectNumber":"351785787544","displayName":"My First Project","name":"projects/seventh-program-433718-h8","resources":{"hostingSite":"seventh-program-433718-h8"},"state":"ACTIVE","etag":"1_bbb65463-272f-42a5-92a6-1c7c9b90e2ef"}
[info] i  Using project seventh-program-433718-h8 (My First Project) 
[info] 
=== Functions Setup
[debug] [2025-05-12T18:19:51.437Z] > command requires scopes: ["email","openid","https://www.googleapis.com/auth/cloudplatformprojects.readonly","https://www.googleapis.com/auth/firebase","https://www.googleapis.com/auth/cloud-platform"]
[debug] [2025-05-12T18:19:51.437Z] > authorizing via signed-in user (junhaoqi1201@gmail.com)
[debug] [2025-05-12T18:19:51.437Z] [iam] checking project seventh-program-433718-h8 for permissions ["firebase.projects.get"]
[debug] [2025-05-12T18:19:51.438Z] Checked if tokens are valid: true, expires at: 1747077452003
[debug] [2025-05-12T18:19:51.438Z] Checked if tokens are valid: true, expires at: 1747077452003
[debug] [2025-05-12T18:19:51.438Z] >>> [apiv2][query] POST https://cloudresourcemanager.googleapis.com/v1/projects/seventh-program-433718-h8:testIamPermissions [none]
[debug] [2025-05-12T18:19:51.438Z] >>> [apiv2][(partial)header] POST https://cloudresourcemanager.googleapis.com/v1/projects/seventh-program-433718-h8:testIamPermissions x-goog-quota-user=projects/seventh-program-433718-h8
[debug] [2025-05-12T18:19:51.438Z] >>> [apiv2][body] POST https://cloudresourcemanager.googleapis.com/v1/projects/seventh-program-433718-h8:testIamPermissions {"permissions":["firebase.projects.get"]}
[debug] [2025-05-12T18:19:51.638Z] <<< [apiv2][status] POST https://cloudresourcemanager.googleapis.com/v1/projects/seventh-program-433718-h8:testIamPermissions 200
[debug] [2025-05-12T18:19:51.638Z] <<< [apiv2][body] POST https://cloudresourcemanager.googleapis.com/v1/projects/seventh-program-433718-h8:testIamPermissions {"permissions":["firebase.projects.get"]}
[debug] [2025-05-12T18:19:51.639Z] Checked if tokens are valid: true, expires at: 1747077452003
[debug] [2025-05-12T18:19:51.639Z] Checked if tokens are valid: true, expires at: 1747077452003
[debug] [2025-05-12T18:19:51.639Z] Checked if tokens are valid: true, expires at: 1747077452003
[debug] [2025-05-12T18:19:51.639Z] Checked if tokens are valid: true, expires at: 1747077452003
[debug] [2025-05-12T18:19:51.640Z] >>> [apiv2][query] GET https://serviceusage.googleapis.com/v1/projects/seventh-program-433718-h8/services/cloudfunctions.googleapis.com [none]
[debug] [2025-05-12T18:19:51.640Z] >>> [apiv2][(partial)header] GET https://serviceusage.googleapis.com/v1/projects/seventh-program-433718-h8/services/cloudfunctions.googleapis.com x-goog-quota-user=projects/seventh-program-433718-h8
[debug] [2025-05-12T18:19:51.642Z] >>> [apiv2][query] GET https://serviceusage.googleapis.com/v1/projects/seventh-program-433718-h8/services/runtimeconfig.googleapis.com [none]
[debug] [2025-05-12T18:19:51.642Z] >>> [apiv2][(partial)header] GET https://serviceusage.googleapis.com/v1/projects/seventh-program-433718-h8/services/runtimeconfig.googleapis.com x-goog-quota-user=projects/seventh-program-433718-h8
[debug] [2025-05-12T18:19:51.895Z] <<< [apiv2][status] GET https://serviceusage.googleapis.com/v1/projects/seventh-program-433718-h8/services/runtimeconfig.googleapis.com 200
[debug] [2025-05-12T18:19:51.896Z] <<< [apiv2][body] GET https://serviceusage.googleapis.com/v1/projects/seventh-program-433718-h8/services/runtimeconfig.googleapis.com [omitted]
[debug] [2025-05-12T18:19:51.991Z] <<< [apiv2][status] GET https://serviceusage.googleapis.com/v1/projects/seventh-program-433718-h8/services/cloudfunctions.googleapis.com 200
[debug] [2025-05-12T18:19:51.992Z] <<< [apiv2][body] GET https://serviceusage.googleapis.com/v1/projects/seventh-program-433718-h8/services/cloudfunctions.googleapis.com [omitted]
[info] 
Detected existing codebase(s): default

[debug] [2025-05-12T18:19:59.219Z] ExitPromptError: User force closed the prompt with SIGINT
    at Interface.sigint (/opt/homebrew/lib/node_modules/firebase-tools/node_modules/@inquirer/core/dist/commonjs/lib/create-prompt.js:100:37)
    at Interface.emit (node:events:507:28)
    at Interface.emit (node:domain:489:12)
    at [_ttyWrite] [as _ttyWrite] (node:internal/readline/interface:1129:18)
    at ReadStream.onkeypress (node:internal/readline/interface:268:20)
    at ReadStream.emit (node:events:519:35)
    at ReadStream.emit (node:domain:489:12)
    at emitKeys (node:internal/readline/utils:370:14)
    at emitKeys.next (<anonymous>)
    at ReadStream.onData (node:internal/readline/emitKeypressEvents:64:36)
[error] 
[error] Error: An unexpected error has occurred.
